[08-Aug-2022 00:05:04 Europe/Berlin] Inicio de pagina web
[08-Aug-2022 00:05:04 Europe/Berlin] Location: http://localhost/PHP/Proyecto/Paciente
[08-Aug-2022 00:05:05 Europe/Berlin] PHP Warning:  Cannot modify header information - headers already sent by (output started at D:\Xampp\htdocs\Php\Proyecto\Vista\Modals\EliminarPaciente-modal.php:1) in D:\Xampp\htdocs\Php\Proyecto\Libs\ControladorBase.php on line 47
[08-Aug-2022 00:05:05 Europe/Berlin] Location: http://localhost/PHP/Proyecto/Inicio
[08-Aug-2022 00:05:05 Europe/Berlin] Inicio de pagina web
[08-Aug-2022 00:05:05 Europe/Berlin] Location: http://localhost/PHP/Proyecto/Paciente
[08-Aug-2022 00:05:05 Europe/Berlin] PHP Warning:  Cannot modify header information - headers already sent by (output started at D:\Xampp\htdocs\Php\Proyecto\Vista\Modulo\Contenido-Paciente.php:37) in D:\Xampp\htdocs\Php\Proyecto\Libs\ControladorBase.php on line 47
[08-Aug-2022 00:05:05 Europe/Berlin] Location: http://localhost/PHP/Proyecto/Paciente
[08-Aug-2022 00:05:05 Europe/Berlin] Inicio de pagina web
[08-Aug-2022 00:05:05 Europe/Berlin] Location: http://localhost/PHP/Proyecto/Paciente
[08-Aug-2022 00:05:05 Europe/Berlin] PHP Warning:  Cannot modify header information - headers already sent by (output started at D:\Xampp\htdocs\Php\Proyecto\Vista\Modulo\Contenido-Paciente.php:37) in D:\Xampp\htdocs\Php\Proyecto\Libs\ControladorBase.php on line 47
[08-Aug-2022 00:05:05 Europe/Berlin] Location: http://localhost/PHP/Proyecto/Paciente
[08-Aug-2022 00:05:05 Europe/Berlin] Inicio de pagina web
[08-Aug-2022 00:05:05 Europe/Berlin] Location: http://localhost/PHP/Proyecto/Paciente
[08-Aug-2022 00:05:05 Europe/Berlin] PHP Warning:  Cannot modify header information - headers already sent by (output started at D:\Xampp\htdocs\Php\Proyecto\Vista\Modulo\Contenido-Paciente.php:37) in D:\Xampp\htdocs\Php\Proyecto\Libs\ControladorBase.php on line 47
[08-Aug-2022 00:05:05 Europe/Berlin] Location: http://localhost/PHP/Proyecto/Paciente
[08-Aug-2022 00:05:05 Europe/Berlin] Inicio de pagina web
[08-Aug-2022 00:05:05 Europe/Berlin] Location: http://localhost/PHP/Proyecto/Paciente
[08-Aug-2022 00:05:05 Europe/Berlin] PHP Warning:  Cannot modify header information - headers already sent by (output started at D:\Xampp\htdocs\Php\Proyecto\Vista\Modulo\Contenido-Paciente.php:37) in D:\Xampp\htdocs\Php\Proyecto\Libs\ControladorBase.php on line 47
[08-Aug-2022 00:05:05 Europe/Berlin] Location: http://localhost/PHP/Proyecto/Paciente
[08-Aug-2022 00:05:05 Europe/Berlin] Inicio de pagina web
[08-Aug-2022 00:05:05 Europe/Berlin] Location: http://localhost/PHP/Proyecto/Paciente
[08-Aug-2022 00:05:05 Europe/Berlin] PHP Warning:  Cannot modify header information - headers already sent by (output started at D:\Xampp\htdocs\Php\Proyecto\Vista\Modulo\Contenido-Paciente.php:37) in D:\Xampp\htdocs\Php\Proyecto\Libs\ControladorBase.php on line 47
[08-Aug-2022 00:05:05 Europe/Berlin] Location: http://localhost/PHP/Proyecto/Paciente
[08-Aug-2022 00:05:05 Europe/Berlin] Inicio de pagina web
[08-Aug-2022 00:05:05 Europe/Berlin] Location: http://localhost/PHP/Proyecto/Paciente
[08-Aug-2022 00:05:05 Europe/Berlin] PHP Warning:  Cannot modify header information - headers already sent by (output started at D:\Xampp\htdocs\Php\Proyecto\Vista\Modulo\Contenido-Paciente.php:37) in D:\Xampp\htdocs\Php\Proyecto\Libs\ControladorBase.php on line 47
[08-Aug-2022 00:05:05 Europe/Berlin] Location: http://localhost/PHP/Proyecto/Paciente
[08-Aug-2022 00:05:05 Europe/Berlin] Inicio de pagina web
[08-Aug-2022 00:05:05 Europe/Berlin] Location: http://localhost/PHP/Proyecto/Paciente
[08-Aug-2022 00:05:05 Europe/Berlin] PHP Warning:  Cannot modify header information - headers already sent by (output started at D:\Xampp\htdocs\Php\Proyecto\Vista\Modulo\Contenido-Paciente.php:37) in D:\Xampp\htdocs\Php\Proyecto\Libs\ControladorBase.php on line 47
[08-Aug-2022 00:05:05 Europe/Berlin] Location: http://localhost/PHP/Proyecto/Paciente
[08-Aug-2022 00:05:05 Europe/Berlin] Inicio de pagina web
[08-Aug-2022 00:05:05 Europe/Berlin] Location: http://localhost/PHP/Proyecto/Paciente
[08-Aug-2022 00:05:05 Europe/Berlin] PHP Warning:  Cannot modify header information - headers already sent by (output started at D:\Xampp\htdocs\Php\Proyecto\Vista\Modulo\Contenido-Paciente.php:37) in D:\Xampp\htdocs\Php\Proyecto\Libs\ControladorBase.php on line 47
[08-Aug-2022 00:05:05 Europe/Berlin] Location: http://localhost/PHP/Proyecto/Paciente
[08-Aug-2022 00:05:05 Europe/Berlin] Inicio de pagina web
[08-Aug-2022 00:05:05 Europe/Berlin] Location: http://localhost/PHP/Proyecto/Paciente
[08-Aug-2022 00:05:05 Europe/Berlin] PHP Warning:  Cannot modify header information - headers already sent by (output started at D:\Xampp\htdocs\Php\Proyecto\Vista\Modulo\Contenido-Paciente.php:37) in D:\Xampp\htdocs\Php\Proyecto\Libs\ControladorBase.php on line 47
[08-Aug-2022 00:05:05 Europe/Berlin] Location: http://localhost/PHP/Proyecto/Paciente
[08-Aug-2022 00:05:05 Europe/Berlin] Inicio de pagina web
[08-Aug-2022 00:05:05 Europe/Berlin] Location: http://localhost/PHP/Proyecto/Paciente
[08-Aug-2022 00:05:05 Europe/Berlin] PHP Warning:  Cannot modify header information - headers already sent by (output started at D:\Xampp\htdocs\Php\Proyecto\Vista\Modulo\Contenido-Paciente.php:37) in D:\Xampp\htdocs\Php\Proyecto\Libs\ControladorBase.php on line 47
[08-Aug-2022 00:05:05 Europe/Berlin] Location: http://localhost/PHP/Proyecto/Paciente
[08-Aug-2022 00:05:05 Europe/Berlin] Inicio de pagina web
[08-Aug-2022 00:05:05 Europe/Berlin] Location: http://localhost/PHP/Proyecto/Paciente
[08-Aug-2022 00:05:05 Europe/Berlin] PHP Warning:  Cannot modify header information - headers already sent by (output started at D:\Xampp\htdocs\Php\Proyecto\Vista\Modulo\Contenido-Paciente.php:37) in D:\Xampp\htdocs\Php\Proyecto\Libs\ControladorBase.php on line 47
[08-Aug-2022 00:05:05 Europe/Berlin] Location: http://localhost/PHP/Proyecto/Paciente
[08-Aug-2022 00:05:05 Europe/Berlin] Inicio de pagina web
[08-Aug-2022 00:05:05 Europe/Berlin] Location: http://localhost/PHP/Proyecto/Paciente
[08-Aug-2022 00:05:05 Europe/Berlin] PHP Warning:  Cannot modify header information - headers already sent by (output started at D:\Xampp\htdocs\Php\Proyecto\Vista\Modulo\Contenido-Paciente.php:37) in D:\Xampp\htdocs\Php\Proyecto\Libs\ControladorBase.php on line 47
[08-Aug-2022 00:05:05 Europe/Berlin] Location: http://localhost/PHP/Proyecto/Paciente
[08-Aug-2022 00:05:05 Europe/Berlin] Inicio de pagina web
[08-Aug-2022 00:05:05 Europe/Berlin] Location: http://localhost/PHP/Proyecto/Paciente
[08-Aug-2022 00:05:05 Europe/Berlin] PHP Warning:  Cannot modify header information - headers already sent by (output started at D:\Xampp\htdocs\Php\Proyecto\Vista\Modulo\Contenido-Paciente.php:37) in D:\Xampp\htdocs\Php\Proyecto\Libs\ControladorBase.php on line 47
[08-Aug-2022 00:05:05 Europe/Berlin] Location: http://localhost/PHP/Proyecto/Paciente
[08-Aug-2022 00:05:05 Europe/Berlin] Inicio de pagina web
[08-Aug-2022 00:05:05 Europe/Berlin] Location: http://localhost/PHP/Proyecto/Paciente
[08-Aug-2022 00:05:05 Europe/Berlin] PHP Warning:  Cannot modify header information - headers already sent by (output started at D:\Xampp\htdocs\Php\Proyecto\Vista\Modulo\Contenido-Paciente.php:37) in D:\Xampp\htdocs\Php\Proyecto\Libs\ControladorBase.php on line 47
[08-Aug-2022 00:05:05 Europe/Berlin] Location: http://localhost/PHP/Proyecto/Paciente
[08-Aug-2022 00:05:05 Europe/Berlin] Inicio de pagina web
[08-Aug-2022 00:05:05 Europe/Berlin] Location: http://localhost/PHP/Proyecto/Paciente
[08-Aug-2022 00:05:05 Europe/Berlin] PHP Warning:  Cannot modify header information - headers already sent by (output started at D:\Xampp\htdocs\Php\Proyecto\Vista\Modulo\Contenido-Paciente.php:37) in D:\Xampp\htdocs\Php\Proyecto\Libs\ControladorBase.php on line 47
[08-Aug-2022 00:05:05 Europe/Berlin] Location: http://localhost/PHP/Proyecto/Paciente
[08-Aug-2022 00:05:05 Europe/Berlin] Inicio de pagina web
[08-Aug-2022 00:05:05 Europe/Berlin] Location: http://localhost/PHP/Proyecto/Paciente
[08-Aug-2022 00:05:05 Europe/Berlin] PHP Warning:  Cannot modify header information - headers already sent by (output started at D:\Xampp\htdocs\Php\Proyecto\Vista\Modulo\Contenido-Paciente.php:37) in D:\Xampp\htdocs\Php\Proyecto\Libs\ControladorBase.php on line 47
[08-Aug-2022 00:05:05 Europe/Berlin] Location: http://localhost/PHP/Proyecto/Paciente
[08-Aug-2022 00:05:05 Europe/Berlin] Inicio de pagina web
[08-Aug-2022 00:05:05 Europe/Berlin] Location: http://localhost/PHP/Proyecto/Paciente
[08-Aug-2022 00:05:05 Europe/Berlin] PHP Warning:  Cannot modify header information - headers already sent by (output started at D:\Xampp\htdocs\Php\Proyecto\Vista\Modulo\Contenido-Paciente.php:37) in D:\Xampp\htdocs\Php\Proyecto\Libs\ControladorBase.php on line 47
[08-Aug-2022 00:05:05 Europe/Berlin] Location: http://localhost/PHP/Proyecto/Paciente
[08-Aug-2022 00:05:05 Europe/Berlin] Inicio de pagina web
[08-Aug-2022 00:05:05 Europe/Berlin] Location: http://localhost/PHP/Proyecto/Paciente
[08-Aug-2022 00:05:05 Europe/Berlin] PHP Warning:  Cannot modify header information - headers already sent by (output started at D:\Xampp\htdocs\Php\Proyecto\Vista\Modulo\Contenido-Paciente.php:37) in D:\Xampp\htdocs\Php\Proyecto\Libs\ControladorBase.php on line 47
[08-Aug-2022 00:05:05 Europe/Berlin] Location: http://localhost/PHP/Proyecto/Paciente
[08-Aug-2022 00:05:05 Europe/Berlin] Inicio de pagina web
[08-Aug-2022 00:05:05 Europe/Berlin] Location: http://localhost/PHP/Proyecto/Paciente
[08-Aug-2022 00:05:05 Europe/Berlin] PHP Warning:  Cannot modify header information - headers already sent by (output started at D:\Xampp\htdocs\Php\Proyecto\Vista\Modulo\Contenido-Paciente.php:37) in D:\Xampp\htdocs\Php\Proyecto\Libs\ControladorBase.php on line 47
[08-Aug-2022 00:05:05 Europe/Berlin] Location: http://localhost/PHP/Proyecto/Paciente
[08-Aug-2022 00:05:06 Europe/Berlin] Inicio de pagina web
[08-Aug-2022 00:05:06 Europe/Berlin] Location: http://localhost/PHP/Proyecto/Paciente
[08-Aug-2022 00:05:06 Europe/Berlin] PHP Warning:  Cannot modify header information - headers already sent by (output started at D:\Xampp\htdocs\Php\Proyecto\Vista\Modulo\Contenido-Paciente.php:37) in D:\Xampp\htdocs\Php\Proyecto\Libs\ControladorBase.php on line 47
[08-Aug-2022 00:05:06 Europe/Berlin] Location: http://localhost/PHP/Proyecto/Paciente
[08-Aug-2022 00:05:06 Europe/Berlin] Inicio de pagina web
[08-Aug-2022 00:05:06 Europe/Berlin] Location: http://localhost/PHP/Proyecto/Paciente
[08-Aug-2022 00:05:06 Europe/Berlin] PHP Warning:  Cannot modify header information - headers already sent by (output started at D:\Xampp\htdocs\Php\Proyecto\Vista\Modulo\Contenido-Paciente.php:37) in D:\Xampp\htdocs\Php\Proyecto\Libs\ControladorBase.php on line 47
[08-Aug-2022 00:05:06 Europe/Berlin] Location: http://localhost/PHP/Proyecto/Paciente
[08-Aug-2022 00:05:06 Europe/Berlin] Inicio de pagina web
[08-Aug-2022 00:05:06 Europe/Berlin] Location: http://localhost/PHP/Proyecto/Paciente
[08-Aug-2022 00:05:06 Europe/Berlin] PHP Warning:  Cannot modify header information - headers already sent by (output started at D:\Xampp\htdocs\Php\Proyecto\Vista\Modulo\Contenido-Paciente.php:37) in D:\Xampp\htdocs\Php\Proyecto\Libs\ControladorBase.php on line 47
[08-Aug-2022 00:05:06 Europe/Berlin] Location: http://localhost/PHP/Proyecto/Paciente
[08-Aug-2022 00:05:07 Europe/Berlin] Inicio de pagina web
[08-Aug-2022 00:05:07 Europe/Berlin] Location: http://localhost/PHP/Proyecto/Paciente
[08-Aug-2022 00:05:07 Europe/Berlin] PHP Warning:  Cannot modify header information - headers already sent by (output started at D:\Xampp\htdocs\Php\Proyecto\Vista\Modulo\Contenido-Paciente.php:37) in D:\Xampp\htdocs\Php\Proyecto\Libs\ControladorBase.php on line 47
[08-Aug-2022 00:05:07 Europe/Berlin] Location: http://localhost/PHP/Proyecto/Paciente
[08-Aug-2022 00:05:07 Europe/Berlin] Inicio de pagina web
[08-Aug-2022 00:05:07 Europe/Berlin] Location: http://localhost/PHP/Proyecto/Paciente
[08-Aug-2022 00:05:07 Europe/Berlin] PHP Warning:  Cannot modify header information - headers already sent by (output started at D:\Xampp\htdocs\Php\Proyecto\Vista\Modulo\Contenido-Paciente.php:37) in D:\Xampp\htdocs\Php\Proyecto\Libs\ControladorBase.php on line 47
[08-Aug-2022 00:05:07 Europe/Berlin] Location: http://localhost/PHP/Proyecto/Paciente
[08-Aug-2022 00:05:07 Europe/Berlin] Inicio de pagina web
[08-Aug-2022 00:05:07 Europe/Berlin] Location: http://localhost/PHP/Proyecto/Paciente
[08-Aug-2022 00:05:07 Europe/Berlin] PHP Warning:  Cannot modify header information - headers already sent by (output started at D:\Xampp\htdocs\Php\Proyecto\Vista\Modulo\Contenido-Paciente.php:37) in D:\Xampp\htdocs\Php\Proyecto\Libs\ControladorBase.php on line 47
[08-Aug-2022 00:05:07 Europe/Berlin] Location: http://localhost/PHP/Proyecto/Paciente
[08-Aug-2022 00:05:07 Europe/Berlin] Inicio de pagina web
[08-Aug-2022 00:05:07 Europe/Berlin] Location: http://localhost/PHP/Proyecto/Paciente
[08-Aug-2022 00:05:07 Europe/Berlin] PHP Warning:  Cannot modify header information - headers already sent by (output started at D:\Xampp\htdocs\Php\Proyecto\Vista\Modulo\Contenido-Paciente.php:37) in D:\Xampp\htdocs\Php\Proyecto\Libs\ControladorBase.php on line 47
[08-Aug-2022 00:05:07 Europe/Berlin] Location: http://localhost/PHP/Proyecto/Paciente
[08-Aug-2022 00:05:07 Europe/Berlin] Inicio de pagina web
[08-Aug-2022 00:05:07 Europe/Berlin] Location: http://localhost/PHP/Proyecto/Paciente
[08-Aug-2022 00:05:07 Europe/Berlin] PHP Warning:  Cannot modify header information - headers already sent by (output started at D:\Xampp\htdocs\Php\Proyecto\Vista\Modulo\Contenido-Paciente.php:37) in D:\Xampp\htdocs\Php\Proyecto\Libs\ControladorBase.php on line 47
[08-Aug-2022 00:05:07 Europe/Berlin] Location: http://localhost/PHP/Proyecto/Paciente
[08-Aug-2022 00:05:07 Europe/Berlin] Inicio de pagina web
[08-Aug-2022 00:05:07 Europe/Berlin] Location: http://localhost/PHP/Proyecto/Paciente
[08-Aug-2022 00:05:07 Europe/Berlin] PHP Warning:  Cannot modify header information - headers already sent by (output started at D:\Xampp\htdocs\Php\Proyecto\Vista\Modulo\Contenido-Paciente.php:37) in D:\Xampp\htdocs\Php\Proyecto\Libs\ControladorBase.php on line 47
[08-Aug-2022 00:05:07 Europe/Berlin] Location: http://localhost/PHP/Proyecto/Paciente
[08-Aug-2022 00:05:07 Europe/Berlin] Inicio de pagina web
[08-Aug-2022 00:05:07 Europe/Berlin] Location: http://localhost/PHP/Proyecto/Paciente
[08-Aug-2022 00:05:07 Europe/Berlin] PHP Warning:  Cannot modify header information - headers already sent by (output started at D:\Xampp\htdocs\Php\Proyecto\Vista\Modulo\Contenido-Paciente.php:37) in D:\Xampp\htdocs\Php\Proyecto\Libs\ControladorBase.php on line 47
[08-Aug-2022 00:05:07 Europe/Berlin] Location: http://localhost/PHP/Proyecto/Paciente
[08-Aug-2022 00:05:07 Europe/Berlin] Inicio de pagina web
[08-Aug-2022 00:05:07 Europe/Berlin] Location: http://localhost/PHP/Proyecto/Paciente
[08-Aug-2022 00:05:07 Europe/Berlin] PHP Warning:  Cannot modify header information - headers already sent by (output started at D:\Xampp\htdocs\Php\Proyecto\Vista\Modulo\Contenido-Paciente.php:37) in D:\Xampp\htdocs\Php\Proyecto\Libs\ControladorBase.php on line 47
[08-Aug-2022 00:05:07 Europe/Berlin] Location: http://localhost/PHP/Proyecto/Paciente
[08-Aug-2022 00:05:07 Europe/Berlin] Inicio de pagina web
[08-Aug-2022 00:05:07 Europe/Berlin] Location: http://localhost/PHP/Proyecto/Paciente
[08-Aug-2022 00:05:07 Europe/Berlin] PHP Warning:  Cannot modify header information - headers already sent by (output started at D:\Xampp\htdocs\Php\Proyecto\Vista\Modulo\Contenido-Paciente.php:37) in D:\Xampp\htdocs\Php\Proyecto\Libs\ControladorBase.php on line 47
[08-Aug-2022 00:05:07 Europe/Berlin] Location: http://localhost/PHP/Proyecto/Paciente
[08-Aug-2022 00:05:07 Europe/Berlin] Inicio de pagina web
[08-Aug-2022 00:05:07 Europe/Berlin] Location: http://localhost/PHP/Proyecto/Paciente
[08-Aug-2022 00:05:07 Europe/Berlin] PHP Warning:  Cannot modify header information - headers already sent by (output started at D:\Xampp\htdocs\Php\Proyecto\Vista\Modulo\Contenido-Paciente.php:37) in D:\Xampp\htdocs\Php\Proyecto\Libs\ControladorBase.php on line 47
[08-Aug-2022 00:05:07 Europe/Berlin] Location: http://localhost/PHP/Proyecto/Paciente
[08-Aug-2022 00:05:07 Europe/Berlin] Inicio de pagina web
[08-Aug-2022 00:05:07 Europe/Berlin] Location: http://localhost/PHP/Proyecto/Paciente
[08-Aug-2022 00:05:07 Europe/Berlin] PHP Warning:  Cannot modify header information - headers already sent by (output started at D:\Xampp\htdocs\Php\Proyecto\Vista\Modulo\Contenido-Paciente.php:37) in D:\Xampp\htdocs\Php\Proyecto\Libs\ControladorBase.php on line 47
[08-Aug-2022 00:05:07 Europe/Berlin] Location: http://localhost/PHP/Proyecto/Paciente
[08-Aug-2022 00:05:07 Europe/Berlin] Inicio de pagina web
[08-Aug-2022 00:05:07 Europe/Berlin] Location: http://localhost/PHP/Proyecto/Paciente
[08-Aug-2022 00:05:07 Europe/Berlin] PHP Warning:  Cannot modify header information - headers already sent by (output started at D:\Xampp\htdocs\Php\Proyecto\Vista\Modulo\Contenido-Paciente.php:37) in D:\Xampp\htdocs\Php\Proyecto\Libs\ControladorBase.php on line 47
[08-Aug-2022 00:05:07 Europe/Berlin] Location: http://localhost/PHP/Proyecto/Paciente
[08-Aug-2022 00:05:07 Europe/Berlin] Inicio de pagina web
[08-Aug-2022 00:05:07 Europe/Berlin] Location: http://localhost/PHP/Proyecto/Paciente
[08-Aug-2022 00:05:07 Europe/Berlin] PHP Warning:  Cannot modify header information - headers already sent by (output started at D:\Xampp\htdocs\Php\Proyecto\Vista\Modulo\Contenido-Paciente.php:37) in D:\Xampp\htdocs\Php\Proyecto\Libs\ControladorBase.php on line 47
[08-Aug-2022 00:05:07 Europe/Berlin] Location: http://localhost/PHP/Proyecto/Paciente
[08-Aug-2022 00:05:07 Europe/Berlin] Inicio de pagina web
[08-Aug-2022 00:05:07 Europe/Berlin] Location: http://localhost/PHP/Proyecto/Paciente
[08-Aug-2022 00:05:07 Europe/Berlin] PHP Warning:  Cannot modify header information - headers already sent by (output started at D:\Xampp\htdocs\Php\Proyecto\Vista\Modulo\Contenido-Paciente.php:37) in D:\Xampp\htdocs\Php\Proyecto\Libs\ControladorBase.php on line 47
[08-Aug-2022 00:05:07 Europe/Berlin] Location: http://localhost/PHP/Proyecto/Paciente
[08-Aug-2022 00:05:07 Europe/Berlin] Inicio de pagina web
[08-Aug-2022 00:05:07 Europe/Berlin] Location: http://localhost/PHP/Proyecto/Paciente
[08-Aug-2022 00:05:07 Europe/Berlin] PHP Warning:  Cannot modify header information - headers already sent by (output started at D:\Xampp\htdocs\Php\Proyecto\Vista\Modulo\Contenido-Paciente.php:37) in D:\Xampp\htdocs\Php\Proyecto\Libs\ControladorBase.php on line 47
[08-Aug-2022 00:05:07 Europe/Berlin] Location: http://localhost/PHP/Proyecto/Paciente
[08-Aug-2022 00:05:07 Europe/Berlin] Inicio de pagina web
[08-Aug-2022 00:05:07 Europe/Berlin] Location: http://localhost/PHP/Proyecto/Paciente
[08-Aug-2022 00:05:07 Europe/Berlin] PHP Warning:  Cannot modify header information - headers already sent by (output started at D:\Xampp\htdocs\Php\Proyecto\Vista\Modulo\Contenido-Paciente.php:37) in D:\Xampp\htdocs\Php\Proyecto\Libs\ControladorBase.php on line 47
[08-Aug-2022 00:05:07 Europe/Berlin] Location: http://localhost/PHP/Proyecto/Paciente
[08-Aug-2022 00:05:07 Europe/Berlin] Inicio de pagina web
[08-Aug-2022 00:05:07 Europe/Berlin] Location: http://localhost/PHP/Proyecto/Paciente
[08-Aug-2022 00:05:07 Europe/Berlin] PHP Warning:  Cannot modify header information - headers already sent by (output started at D:\Xampp\htdocs\Php\Proyecto\Vista\Modulo\Contenido-Paciente.php:37) in D:\Xampp\htdocs\Php\Proyecto\Libs\ControladorBase.php on line 47
[08-Aug-2022 00:05:07 Europe/Berlin] Location: http://localhost/PHP/Proyecto/Paciente
[08-Aug-2022 00:05:12 Europe/Berlin] Inicio de pagina web
[08-Aug-2022 00:05:12 Europe/Berlin] Location: http://localhost/PHP/Proyecto/Paciente
[08-Aug-2022 00:05:12 Europe/Berlin] PHP Warning:  Cannot modify header information - headers already sent by (output started at D:\Xampp\htdocs\Php\Proyecto\Vista\Modulo\Contenido-Paciente.php:37) in D:\Xampp\htdocs\Php\Proyecto\Libs\ControladorBase.php on line 47
[08-Aug-2022 00:05:12 Europe/Berlin] Location: http://localhost/PHP/Proyecto/Paciente
[08-Aug-2022 00:05:13 Europe/Berlin] Inicio de pagina web
[08-Aug-2022 00:05:13 Europe/Berlin] Location: http://localhost/PHP/Proyecto/Paciente
[08-Aug-2022 00:05:13 Europe/Berlin] PHP Warning:  Cannot modify header information - headers already sent by (output started at D:\Xampp\htdocs\Php\Proyecto\Vista\Modulo\Contenido-Paciente.php:37) in D:\Xampp\htdocs\Php\Proyecto\Libs\ControladorBase.php on line 47
[08-Aug-2022 00:05:13 Europe/Berlin] Location: http://localhost/PHP/Proyecto/Paciente
[08-Aug-2022 00:05:13 Europe/Berlin] Inicio de pagina web
[08-Aug-2022 00:05:13 Europe/Berlin] Location: http://localhost/PHP/Proyecto/Paciente
[08-Aug-2022 00:05:13 Europe/Berlin] PHP Warning:  Cannot modify header information - headers already sent by (output started at D:\Xampp\htdocs\Php\Proyecto\Vista\Modulo\Contenido-Paciente.php:37) in D:\Xampp\htdocs\Php\Proyecto\Libs\ControladorBase.php on line 47
[08-Aug-2022 00:05:13 Europe/Berlin] Location: http://localhost/PHP/Proyecto/Paciente
[08-Aug-2022 00:05:13 Europe/Berlin] Inicio de pagina web
[08-Aug-2022 00:05:13 Europe/Berlin] Location: http://localhost/PHP/Proyecto/Paciente
[08-Aug-2022 00:05:13 Europe/Berlin] PHP Warning:  Cannot modify header information - headers already sent by (output started at D:\Xampp\htdocs\Php\Proyecto\Vista\Modulo\Contenido-Paciente.php:37) in D:\Xampp\htdocs\Php\Proyecto\Libs\ControladorBase.php on line 47
[08-Aug-2022 00:05:13 Europe/Berlin] Location: http://localhost/PHP/Proyecto/Paciente
[08-Aug-2022 00:05:13 Europe/Berlin] Inicio de pagina web
[08-Aug-2022 00:05:13 Europe/Berlin] Location: http://localhost/PHP/Proyecto/Paciente
[08-Aug-2022 00:05:13 Europe/Berlin] PHP Warning:  Cannot modify header information - headers already sent by (output started at D:\Xampp\htdocs\Php\Proyecto\Vista\Modulo\Contenido-Paciente.php:37) in D:\Xampp\htdocs\Php\Proyecto\Libs\ControladorBase.php on line 47
[08-Aug-2022 00:05:13 Europe/Berlin] Location: http://localhost/PHP/Proyecto/Paciente
[08-Aug-2022 00:05:13 Europe/Berlin] Inicio de pagina web
[08-Aug-2022 00:05:13 Europe/Berlin] Location: http://localhost/PHP/Proyecto/Paciente
[08-Aug-2022 00:05:13 Europe/Berlin] PHP Warning:  Cannot modify header information - headers already sent by (output started at D:\Xampp\htdocs\Php\Proyecto\Vista\Modulo\Contenido-Paciente.php:37) in D:\Xampp\htdocs\Php\Proyecto\Libs\ControladorBase.php on line 47
[08-Aug-2022 00:05:13 Europe/Berlin] Location: http://localhost/PHP/Proyecto/Paciente
[08-Aug-2022 00:05:13 Europe/Berlin] Inicio de pagina web
[08-Aug-2022 00:05:13 Europe/Berlin] Location: http://localhost/PHP/Proyecto/Paciente
[08-Aug-2022 00:05:13 Europe/Berlin] PHP Warning:  Cannot modify header information - headers already sent by (output started at D:\Xampp\htdocs\Php\Proyecto\Vista\Modulo\Contenido-Paciente.php:37) in D:\Xampp\htdocs\Php\Proyecto\Libs\ControladorBase.php on line 47
[08-Aug-2022 00:05:13 Europe/Berlin] Location: http://localhost/PHP/Proyecto/Paciente
[08-Aug-2022 00:05:13 Europe/Berlin] Inicio de pagina web
[08-Aug-2022 00:05:13 Europe/Berlin] Location: http://localhost/PHP/Proyecto/Paciente
[08-Aug-2022 00:05:13 Europe/Berlin] PHP Warning:  Cannot modify header information - headers already sent by (output started at D:\Xampp\htdocs\Php\Proyecto\Vista\Modulo\Contenido-Paciente.php:37) in D:\Xampp\htdocs\Php\Proyecto\Libs\ControladorBase.php on line 47
[08-Aug-2022 00:05:13 Europe/Berlin] Location: http://localhost/PHP/Proyecto/Paciente
[08-Aug-2022 00:05:13 Europe/Berlin] Inicio de pagina web
[08-Aug-2022 00:05:13 Europe/Berlin] Location: http://localhost/PHP/Proyecto/Paciente
[08-Aug-2022 00:05:13 Europe/Berlin] PHP Warning:  Cannot modify header information - headers already sent by (output started at D:\Xampp\htdocs\Php\Proyecto\Vista\Modulo\Contenido-Paciente.php:37) in D:\Xampp\htdocs\Php\Proyecto\Libs\ControladorBase.php on line 47
[08-Aug-2022 00:05:13 Europe/Berlin] Location: http://localhost/PHP/Proyecto/Paciente
[08-Aug-2022 00:05:13 Europe/Berlin] Inicio de pagina web
[08-Aug-2022 00:05:13 Europe/Berlin] Location: http://localhost/PHP/Proyecto/Paciente
[08-Aug-2022 00:05:13 Europe/Berlin] PHP Warning:  Cannot modify header information - headers already sent by (output started at D:\Xampp\htdocs\Php\Proyecto\Vista\Modulo\Contenido-Paciente.php:37) in D:\Xampp\htdocs\Php\Proyecto\Libs\ControladorBase.php on line 47
[08-Aug-2022 00:05:13 Europe/Berlin] Location: http://localhost/PHP/Proyecto/Paciente
[08-Aug-2022 00:05:13 Europe/Berlin] Inicio de pagina web
[08-Aug-2022 00:05:13 Europe/Berlin] Location: http://localhost/PHP/Proyecto/Paciente
[08-Aug-2022 00:05:13 Europe/Berlin] PHP Warning:  Cannot modify header information - headers already sent by (output started at D:\Xampp\htdocs\Php\Proyecto\Vista\Modulo\Contenido-Paciente.php:37) in D:\Xampp\htdocs\Php\Proyecto\Libs\ControladorBase.php on line 47
[08-Aug-2022 00:05:13 Europe/Berlin] Location: http://localhost/PHP/Proyecto/Paciente
[08-Aug-2022 00:05:13 Europe/Berlin] Inicio de pagina web
[08-Aug-2022 00:05:13 Europe/Berlin] Location: http://localhost/PHP/Proyecto/Paciente
[08-Aug-2022 00:05:13 Europe/Berlin] PHP Warning:  Cannot modify header information - headers already sent by (output started at D:\Xampp\htdocs\Php\Proyecto\Vista\Modulo\Contenido-Paciente.php:37) in D:\Xampp\htdocs\Php\Proyecto\Libs\ControladorBase.php on line 47
[08-Aug-2022 00:05:13 Europe/Berlin] Location: http://localhost/PHP/Proyecto/Paciente
[08-Aug-2022 00:05:13 Europe/Berlin] Inicio de pagina web
[08-Aug-2022 00:05:13 Europe/Berlin] Location: http://localhost/PHP/Proyecto/Paciente
[08-Aug-2022 00:05:13 Europe/Berlin] PHP Warning:  Cannot modify header information - headers already sent by (output started at D:\Xampp\htdocs\Php\Proyecto\Vista\Modulo\Contenido-Paciente.php:37) in D:\Xampp\htdocs\Php\Proyecto\Libs\ControladorBase.php on line 47
[08-Aug-2022 00:05:13 Europe/Berlin] Location: http://localhost/PHP/Proyecto/Paciente
[08-Aug-2022 00:05:13 Europe/Berlin] Inicio de pagina web
[08-Aug-2022 00:05:13 Europe/Berlin] Location: http://localhost/PHP/Proyecto/Paciente
[08-Aug-2022 00:05:13 Europe/Berlin] PHP Warning:  Cannot modify header information - headers already sent by (output started at D:\Xampp\htdocs\Php\Proyecto\Vista\Modulo\Contenido-Paciente.php:37) in D:\Xampp\htdocs\Php\Proyecto\Libs\ControladorBase.php on line 47
[08-Aug-2022 00:05:13 Europe/Berlin] Location: http://localhost/PHP/Proyecto/Paciente
[08-Aug-2022 00:05:13 Europe/Berlin] Inicio de pagina web
[08-Aug-2022 00:05:13 Europe/Berlin] Location: http://localhost/PHP/Proyecto/Paciente
[08-Aug-2022 00:05:13 Europe/Berlin] PHP Warning:  Cannot modify header information - headers already sent by (output started at D:\Xampp\htdocs\Php\Proyecto\Vista\Modulo\Contenido-Paciente.php:37) in D:\Xampp\htdocs\Php\Proyecto\Libs\ControladorBase.php on line 47
[08-Aug-2022 00:05:13 Europe/Berlin] Location: http://localhost/PHP/Proyecto/Paciente
[08-Aug-2022 00:05:13 Europe/Berlin] Inicio de pagina web
[08-Aug-2022 00:05:13 Europe/Berlin] Location: http://localhost/PHP/Proyecto/Paciente
[08-Aug-2022 00:05:13 Europe/Berlin] PHP Warning:  Cannot modify header information - headers already sent by (output started at D:\Xampp\htdocs\Php\Proyecto\Vista\Modulo\Contenido-Paciente.php:37) in D:\Xampp\htdocs\Php\Proyecto\Libs\ControladorBase.php on line 47
[08-Aug-2022 00:05:13 Europe/Berlin] Location: http://localhost/PHP/Proyecto/Paciente
[08-Aug-2022 00:05:13 Europe/Berlin] Inicio de pagina web
[08-Aug-2022 00:05:13 Europe/Berlin] Location: http://localhost/PHP/Proyecto/Paciente
[08-Aug-2022 00:05:13 Europe/Berlin] PHP Warning:  Cannot modify header information - headers already sent by (output started at D:\Xampp\htdocs\Php\Proyecto\Vista\Modulo\Contenido-Paciente.php:37) in D:\Xampp\htdocs\Php\Proyecto\Libs\ControladorBase.php on line 47
[08-Aug-2022 00:05:13 Europe/Berlin] Location: http://localhost/PHP/Proyecto/Paciente
[08-Aug-2022 00:05:13 Europe/Berlin] Inicio de pagina web
[08-Aug-2022 00:05:13 Europe/Berlin] Location: http://localhost/PHP/Proyecto/Paciente
[08-Aug-2022 00:05:13 Europe/Berlin] PHP Warning:  Cannot modify header information - headers already sent by (output started at D:\Xampp\htdocs\Php\Proyecto\Vista\Modulo\Contenido-Paciente.php:37) in D:\Xampp\htdocs\Php\Proyecto\Libs\ControladorBase.php on line 47
[08-Aug-2022 00:05:13 Europe/Berlin] Location: http://localhost/PHP/Proyecto/Paciente
[08-Aug-2022 00:05:13 Europe/Berlin] Inicio de pagina web
[08-Aug-2022 00:05:13 Europe/Berlin] Location: http://localhost/PHP/Proyecto/Paciente
[08-Aug-2022 00:05:13 Europe/Berlin] PHP Warning:  Cannot modify header information - headers already sent by (output started at D:\Xampp\htdocs\Php\Proyecto\Vista\Modulo\Contenido-Paciente.php:37) in D:\Xampp\htdocs\Php\Proyecto\Libs\ControladorBase.php on line 47
[08-Aug-2022 00:05:13 Europe/Berlin] Location: http://localhost/PHP/Proyecto/Paciente
[08-Aug-2022 00:05:13 Europe/Berlin] Inicio de pagina web
[08-Aug-2022 00:05:13 Europe/Berlin] Location: http://localhost/PHP/Proyecto/Paciente
[08-Aug-2022 00:05:13 Europe/Berlin] PHP Warning:  Cannot modify header information - headers already sent by (output started at D:\Xampp\htdocs\Php\Proyecto\Vista\Modulo\Contenido-Paciente.php:37) in D:\Xampp\htdocs\Php\Proyecto\Libs\ControladorBase.php on line 47
[08-Aug-2022 00:05:13 Europe/Berlin] Location: http://localhost/PHP/Proyecto/Paciente
[08-Aug-2022 00:05:18 Europe/Berlin] Inicio de pagina web
[08-Aug-2022 00:16:57 Europe/Berlin] Inicio de pagina web
[08-Aug-2022 00:17:12 Europe/Berlin] Inicio de pagina web
[08-Aug-2022 00:17:54 Europe/Berlin] Inicio de pagina web
[10-Aug-2022 02:07:24 Europe/Berlin] Inicio de pagina web
[10-Aug-2022 02:07:28 Europe/Berlin] Inicio de pagina web
[10-Aug-2022 02:07:28 Europe/Berlin] PHP Warning:  Cannot modify header information - headers already sent by (output started at D:\Xampp\htdocs\Php\Proyecto\Vista\Modulo\Contenido-Paciente.php:37) in D:\Xampp\htdocs\Php\Proyecto\Libs\ControladorBase.php on line 47
[10-Aug-2022 02:07:28 Europe/Berlin] Location: http://localhost/PHP/Proyecto/Paciente
[10-Aug-2022 02:08:52 Europe/Berlin] Inicio de pagina web
[10-Aug-2022 02:08:52 Europe/Berlin] PHP Warning:  Cannot modify header information - headers already sent by (output started at D:\Xampp\htdocs\Php\Proyecto\Vista\Modulo\Contenido-Paciente.php:37) in D:\Xampp\htdocs\Php\Proyecto\Libs\ControladorBase.php on line 47
[10-Aug-2022 02:08:52 Europe/Berlin] Location: http://localhost/PHP/Proyecto/Paciente
[10-Aug-2022 02:08:52 Europe/Berlin] Ingreso a Insertar
[10-Aug-2022 02:08:55 Europe/Berlin] Inicio de pagina web
[10-Aug-2022 02:08:55 Europe/Berlin] PHP Warning:  Cannot modify header information - headers already sent by (output started at D:\Xampp\htdocs\Php\Proyecto\Vista\Modulo\Contenido-Paciente.php:37) in D:\Xampp\htdocs\Php\Proyecto\Libs\ControladorBase.php on line 47
[10-Aug-2022 02:08:55 Europe/Berlin] Location: http://localhost/PHP/Proyecto/Paciente
[10-Aug-2022 02:08:55 Europe/Berlin] Ingreso a Insertar
[10-Aug-2022 17:20:33 Europe/Berlin] Inicio de pagina web
[10-Aug-2022 17:20:33 Europe/Berlin] PHP Warning:  Cannot modify header information - headers already sent by (output started at D:\Xampp\htdocs\Php\Proyecto\Vista\Modulo\Contenido-Paciente.php:37) in D:\Xampp\htdocs\Php\Proyecto\Libs\ControladorBase.php on line 47
[10-Aug-2022 17:20:33 Europe/Berlin] Location: http://localhost/PHP/Proyecto/Paciente
[10-Aug-2022 17:20:33 Europe/Berlin] Ingreso a Insertar
[10-Aug-2022 22:29:39 Europe/Berlin] Inicio de pagina web
[10-Aug-2022 22:29:39 Europe/Berlin] PHP Warning:  Cannot modify header information - headers already sent by (output started at D:\Xampp\htdocs\Php\Proyecto\Vista\Modulo\Contenido-Paciente.php:37) in D:\Xampp\htdocs\Php\Proyecto\Libs\ControladorBase.php on line 47
[10-Aug-2022 22:29:39 Europe/Berlin] Location: http://localhost/PHP/Proyecto/Paciente
[10-Aug-2022 22:29:39 Europe/Berlin] Ingreso a Insertar
[10-Aug-2022 22:29:47 Europe/Berlin] Inicio de pagina web
[10-Aug-2022 22:30:07 Europe/Berlin] Inicio de pagina web
[10-Aug-2022 22:33:03 Europe/Berlin] Inicio de pagina web
[10-Aug-2022 22:33:03 Europe/Berlin] PHP Warning:  Cannot modify header information - headers already sent by (output started at D:\Xampp\htdocs\Php\Proyecto\Vista\Modulo\Contenido-Paciente.php:37) in D:\Xampp\htdocs\Php\Proyecto\Libs\ControladorBase.php on line 47
[10-Aug-2022 22:33:03 Europe/Berlin] Location: http://localhost/PHP/Proyecto/Paciente
[10-Aug-2022 22:33:03 Europe/Berlin] Ingreso a Insertar
[10-Aug-2022 22:33:26 Europe/Berlin] Inicio de pagina web
[10-Aug-2022 22:33:26 Europe/Berlin] PHP Warning:  Cannot modify header information - headers already sent by (output started at D:\Xampp\htdocs\Php\Proyecto\Vista\Modulo\Contenido-Paciente.php:37) in D:\Xampp\htdocs\Php\Proyecto\Libs\ControladorBase.php on line 47
[10-Aug-2022 22:33:26 Europe/Berlin] Location: http://localhost/PHP/Proyecto/Paciente
[10-Aug-2022 22:33:26 Europe/Berlin] Ingreso a Insertar
[10-Aug-2022 22:33:34 Europe/Berlin] Inicio de pagina web
[01-Oct-2022 17:27:15 Europe/Berlin] Inicio de pagina web
[01-Oct-2022 17:28:45 Europe/Berlin] Inicio de pagina web
